0 info it worked if it ends with ok
1 verbose cli [ '/usr/local/bin/node', '/usr/local/bin/npm', 'start' ]
2 info using npm@4.1.1
3 info using node@v8.11.4
4 verbose run-script [ 'prestart', 'start', 'poststart' ]
5 info lifecycle w3id_sample@~prestart: w3id_sample@
6 silly lifecycle w3id_sample@~prestart: no script for prestart, continuing
7 info lifecycle w3id_sample@~start: w3id_sample@
8 verbose lifecycle w3id_sample@~start: unsafe-perm in lifecycle true
9 verbose lifecycle w3id_sample@~start: PATH: /usr/local/lib/node_modules/npm/bin/node-gyp-bin:/Users/rabahzeineddine/OfflineWork/IBM/IBM-Learning-Path/node_modules/.bin:/Users/rabahzeineddine/anaconda2/bin:/usr/local/opt/postgresql@9.6/bin:/usr/local/bin:/usr/bin:/bin:/usr/sbin:/sbin
10 verbose lifecycle w3id_sample@~start: CWD: /Users/rabahzeineddine/OfflineWork/IBM/IBM-Learning-Path
11 silly lifecycle w3id_sample@~start: Args: [ '-c', 'node server' ]
12 silly lifecycle w3id_sample@~start: Returned: code: 1  signal: null
13 info lifecycle w3id_sample@~start: Failed to exec start script
14 verbose stack Error: w3id_sample@ start: `node server`
14 verbose stack Exit status 1
14 verbose stack     at EventEmitter.<anonymous> (/usr/local/lib/node_modules/npm/lib/utils/lifecycle.js:279:16)
14 verbose stack     at emitTwo (events.js:126:13)
14 verbose stack     at EventEmitter.emit (events.js:214:7)
14 verbose stack     at ChildProcess.<anonymous> (/usr/local/lib/node_modules/npm/lib/utils/spawn.js:40:14)
14 verbose stack     at emitTwo (events.js:126:13)
14 verbose stack     at ChildProcess.emit (events.js:214:7)
14 verbose stack     at maybeClose (internal/child_process.js:925:16)
14 verbose stack     at Process.ChildProcess._handle.onexit (internal/child_process.js:209:5)
15 verbose pkgid w3id_sample@
16 verbose cwd /Users/rabahzeineddine/OfflineWork/IBM/IBM-Learning-Path
17 error Darwin 18.0.0
18 error argv "/usr/local/bin/node" "/usr/local/bin/npm" "start"
19 error node v8.11.4
20 error npm  v4.1.1
21 error code ELIFECYCLE
22 error w3id_sample@ start: `node server`
22 error Exit status 1
23 error Failed at the w3id_sample@ start script 'node server'.
23 error Make sure you have the latest version of node.js and npm installed.
23 error If you do, this is most likely a problem with the w3id_sample package,
23 error not with npm itself.
23 error Tell the author that this fails on your system:
23 error     node server
23 error You can get information on how to open an issue for this project with:
23 error     npm bugs w3id_sample
23 error Or if that isn't available, you can get their info via:
23 error     npm owner ls w3id_sample
23 error There is likely additional logging output above.
24 verbose exit [ 1, true ]
